/mnt/home/kendzi23/FissionHFBTHO/setq3to5/Pb196-newpoints255to300
Fri Jan 31 15:12:49 EST 2020
Fri Jan 31 18:23:07 EST 2020
JobId=54329367 JobName=hfbtho-PES-196Pb
   UserId=kendzi23(992748) GroupId=nscl(2002) MCS_label=N/A
   Priority=37943 Nice=0 Account=general QOS=kendzi23
   JobState=RUNNING Reason=None Dependency=(null)
   Requeue=1 Restarts=0 BatchFlag=1 Reboot=0 ExitCode=0:0
   RunTime=03:10:21 TimeLimit=16:00:00 TimeMin=N/A
   SubmitTime=2020-01-31T15:12:43 EligibleTime=2020-01-31T15:12:43
   AccrueTime=2020-01-31T15:12:43
   StartTime=2020-01-31T15:12:46 EndTime=2020-02-01T07:12:46 Deadline=N/A
   SuspendTime=None SecsPreSuspend=0 LastSchedEval=2020-01-31T15:12:46
   Partition=general-long AllocNode:Sid=dev-intel16.i:29998
   ReqNodeList=(null) ExcNodeList=(null)
   NodeList=skl-[031-036]
   BatchHost=skl-031
   NumNodes=6 NumCPUs=160 NumTasks=10 CPUs/Task=16 ReqB:S:C:T=0:0:*:*
   TRES=cpu=160,mem=160G,node=6,billing=24903
   Socks/Node=* NtasksPerN:B:S:C=0:0:*:* CoreSpec=*
   MinCPUsNode=16 MinMemoryCPU=1G MinTmpDiskNode=0
   Features=[intel14|intel16|intel18] DelayBoot=00:00:00
   OverSubscribe=OK Contiguous=0 Licenses=(null) Network=(null)
   Command=/mnt/ufs18/home-173/kendzi23/FissionHFBTHO/setq3to5/Pb196-newpoints255to300/submitIntel.sh
   WorkDir=/mnt/ufs18/home-173/kendzi23/FissionHFBTHO/setq3to5/Pb196-newpoints255to300
   Comment=stdout=/mnt/ufs18/home-173/kendzi23/FissionHFBTHO/setq3to5/Pb196-newpoints255to300/slurm-54329367.out 
   StdErr=/mnt/ufs18/home-173/kendzi23/FissionHFBTHO/setq3to5/Pb196-newpoints255to300/slurm-54329367.out
   StdIn=/dev/null
   StdOut=/mnt/ufs18/home-173/kendzi23/FissionHFBTHO/setq3to5/Pb196-newpoints255to300/slurm-54329367.out
   Power=

