/mnt/home/kendzi23/FissionHFBTHO/setq3to5/Pb196-cont310
Wed Feb 12 14:51:14 EST 2020
Wed Feb 12 18:43:25 EST 2020
JobId=54868174 JobName=hfbtho-PES-196Pb
   UserId=kendzi23(992748) GroupId=nscl(2002) MCS_label=N/A
   Priority=15726 Nice=0 Account=general QOS=kendzi23
   JobState=RUNNING Reason=None Dependency=(null)
   Requeue=1 Restarts=0 BatchFlag=1 Reboot=0 ExitCode=0:0
   RunTime=03:52:23 TimeLimit=16:00:00 TimeMin=N/A
   SubmitTime=2020-02-12T14:44:17 EligibleTime=2020-02-12T14:44:17
   AccrueTime=2020-02-12T14:44:17
   StartTime=2020-02-12T14:51:03 EndTime=2020-02-13T06:51:03 Deadline=N/A
   SuspendTime=None SecsPreSuspend=0 LastSchedEval=2020-02-12T14:51:03
   Partition=general-long AllocNode:Sid=dev-intel14.i:86979
   ReqNodeList=(null) ExcNodeList=(null)
   NodeList=skl-045
   BatchHost=skl-045
   NumNodes=1 NumCPUs=16 NumTasks=1 CPUs/Task=16 ReqB:S:C:T=0:0:*:*
   TRES=cpu=16,mem=16G,node=1,billing=2490
   Socks/Node=* NtasksPerN:B:S:C=0:0:*:* CoreSpec=*
   MinCPUsNode=16 MinMemoryCPU=1G MinTmpDiskNode=0
   Features=[intel14|intel16|intel18] DelayBoot=00:00:00
   OverSubscribe=OK Contiguous=0 Licenses=(null) Network=(null)
   Command=/mnt/ufs18/home-173/kendzi23/FissionHFBTHO/setq3to5/Pb196-cont310/submitIntel.sh
   WorkDir=/mnt/ufs18/home-173/kendzi23/FissionHFBTHO/setq3to5/Pb196-cont310
   Comment=stdout=/mnt/ufs18/home-173/kendzi23/FissionHFBTHO/setq3to5/Pb196-cont310/slurm-54868174.out 
   StdErr=/mnt/ufs18/home-173/kendzi23/FissionHFBTHO/setq3to5/Pb196-cont310/slurm-54868174.out
   StdIn=/dev/null
   StdOut=/mnt/ufs18/home-173/kendzi23/FissionHFBTHO/setq3to5/Pb196-cont310/slurm-54868174.out
   Power=

