/mnt/home/kendzi23/FissionHFBTHO/running/Pb196-100to150newpoint117
Wed Nov 20 11:19:59 EST 2019
Wed Nov 20 16:55:39 EST 2019
JobId=49939373 JobName=hfbtho-PES-196Pb
   UserId=kendzi23(992748) GroupId=nscl(2002) MCS_label=N/A
   Priority=60772 Nice=0 Account=general QOS=kendzi23
   JobState=RUNNING Reason=None Dependency=(null)
   Requeue=1 Restarts=0 BatchFlag=1 Reboot=0 ExitCode=0:0
   RunTime=05:35:47 TimeLimit=16:00:00 TimeMin=N/A
   SubmitTime=2019-11-20T11:18:32 EligibleTime=2019-11-20T11:18:32
   AccrueTime=2019-11-20T11:18:32
   StartTime=2019-11-20T11:19:52 EndTime=2019-11-21T03:19:52 Deadline=N/A
   SuspendTime=None SecsPreSuspend=0 LastSchedEval=2019-11-20T11:19:52
   Partition=general-long AllocNode:Sid=dev-intel14.i:108286
   ReqNodeList=(null) ExcNodeList=(null)
   NodeList=lac-377
   BatchHost=lac-377
   NumNodes=1 NumCPUs=16 NumTasks=1 CPUs/Task=16 ReqB:S:C:T=0:0:*:*
   TRES=cpu=16,mem=16G,node=1,billing=2490
   Socks/Node=* NtasksPerN:B:S:C=0:0:*:* CoreSpec=*
   MinCPUsNode=16 MinMemoryCPU=1G MinTmpDiskNode=0
   Features=[intel14|intel16|intel18] DelayBoot=00:00:00
   OverSubscribe=OK Contiguous=0 Licenses=(null) Network=(null)
   Command=/mnt/home/kendzi23/FissionHFBTHO/running/Pb196-100to150newpoint117/submitIntel.sh
   WorkDir=/mnt/home/kendzi23/FissionHFBTHO/running/Pb196-100to150newpoint117
   Comment=stdout=/mnt/home/kendzi23/FissionHFBTHO/running/Pb196-100to150newpoint117/slurm-49939372.out 
   StdErr=/mnt/home/kendzi23/FissionHFBTHO/running/Pb196-100to150newpoint117/slurm-49939373.out
   StdIn=/dev/null
   StdOut=/mnt/home/kendzi23/FissionHFBTHO/running/Pb196-100to150newpoint117/slurm-49939373.out
   Power=

