/mnt/home/kendzi23/FissionHFBTHO/running/Pb196-100to150comp3retry4using2
Mon Oct 28 12:10:16 EDT 2019
Mon Oct 28 17:32:16 EDT 2019
JobId=47144554 JobName=hfbtho-PES-196Pb
   UserId=kendzi23(992748) GroupId=nscl(2002) MCS_label=N/A
   Priority=59766 Nice=0 Account=general QOS=kendzi23
   JobState=RUNNING Reason=None Dependency=(null)
   Requeue=1 Restarts=0 BatchFlag=1 Reboot=0 ExitCode=0:0
   RunTime=05:22:07 TimeLimit=12:00:00 TimeMin=N/A
   SubmitTime=2019-10-28T12:10:05 EligibleTime=2019-10-28T12:10:05
   AccrueTime=2019-10-28T12:10:05
   StartTime=2019-10-28T12:10:09 EndTime=2019-10-29T00:10:09 Deadline=N/A
   SuspendTime=None SecsPreSuspend=0 LastSchedEval=2019-10-28T12:10:09
   Partition=general-long AllocNode:Sid=dev-intel18:17358
   ReqNodeList=(null) ExcNodeList=(null)
   NodeList=lac-[430-431]
   BatchHost=lac-430
   NumNodes=2 NumCPUs=32 NumTasks=2 CPUs/Task=16 ReqB:S:C:T=0:0:*:*
   TRES=cpu=32,mem=32G,node=2,billing=4980
   Socks/Node=* NtasksPerN:B:S:C=0:0:*:* CoreSpec=*
   MinCPUsNode=16 MinMemoryCPU=1G MinTmpDiskNode=0
   Features=[intel14|intel16|intel18] DelayBoot=00:00:00
   OverSubscribe=OK Contiguous=0 Licenses=(null) Network=(null)
   Command=/mnt/home/kendzi23/FissionHFBTHO/running/Pb196-100to150comp3retry4using2/submitIntel.sh
   WorkDir=/mnt/home/kendzi23/FissionHFBTHO/running/Pb196-100to150comp3retry4using2
   Comment=stdout=/mnt/home/kendzi23/FissionHFBTHO/running/Pb196-100to150comp3retry4using2/slurm-47144554.out 
   StdErr=/mnt/home/kendzi23/FissionHFBTHO/running/Pb196-100to150comp3retry4using2/slurm-47144554.out
   StdIn=/dev/null
   StdOut=/mnt/home/kendzi23/FissionHFBTHO/running/Pb196-100to150comp3retry4using2/slurm-47144554.out
   Power=

