/mnt/home/kendzi23/FissionHFBTHO/setq3to15/Pb196-comp2retry6_7_8
Wed Feb 19 15:00:02 EST 2020
Wed Feb 19 22:52:04 EST 2020
JobId=55212066 JobName=hfbtho-PES-196Pb
   UserId=kendzi23(992748) GroupId=nscl(2002) MCS_label=N/A
   Priority=13243 Nice=0 Account=general QOS=kendzi23
   JobState=RUNNING Reason=None Dependency=(null)
   Requeue=1 Restarts=0 BatchFlag=1 Reboot=0 ExitCode=0:0
   RunTime=07:52:18 TimeLimit=10:00:00 TimeMin=N/A
   SubmitTime=2020-02-19T14:51:05 EligibleTime=2020-02-19T14:51:05
   AccrueTime=2020-02-19T14:51:05
   StartTime=2020-02-19T14:59:47 EndTime=2020-02-20T00:59:47 Deadline=N/A
   SuspendTime=None SecsPreSuspend=0 LastSchedEval=2020-02-19T14:59:47
   Partition=general-long AllocNode:Sid=dev-intel18:23787
   ReqNodeList=(null) ExcNodeList=(null)
   NodeList=lac-[039,339,389-390]
   BatchHost=lac-039
   NumNodes=4 NumCPUs=64 NumTasks=4 CPUs/Task=16 ReqB:S:C:T=0:0:*:*
   TRES=cpu=64,mem=64G,node=4,billing=9961
   Socks/Node=* NtasksPerN:B:S:C=0:0:*:* CoreSpec=*
   MinCPUsNode=16 MinMemoryCPU=1G MinTmpDiskNode=0
   Features=[intel14|intel16|intel18] DelayBoot=00:00:00
   OverSubscribe=OK Contiguous=0 Licenses=(null) Network=(null)
   Command=/mnt/ufs18/home-173/kendzi23/FissionHFBTHO/setq3to15/Pb196-comp2retry6_7_8/submitIntel.sh
   WorkDir=/mnt/ufs18/home-173/kendzi23/FissionHFBTHO/setq3to15/Pb196-comp2retry6_7_8
   Comment=stdout=/mnt/ufs18/home-173/kendzi23/FissionHFBTHO/setq3to15/Pb196-comp2retry6_7_8/slurm-55212066.out 
   StdErr=/mnt/ufs18/home-173/kendzi23/FissionHFBTHO/setq3to15/Pb196-comp2retry6_7_8/slurm-55212066.out
   StdIn=/dev/null
   StdOut=/mnt/ufs18/home-173/kendzi23/FissionHFBTHO/setq3to15/Pb196-comp2retry6_7_8/slurm-55212066.out
   Power=

