/mnt/home/kendzi23/FissionHFBTHO/running/Pb196-100to150comp4using3
Fri Nov  8 10:42:14 EST 2019
Fri Nov  8 16:18:11 EST 2019
JobId=49135143 JobName=hfbtho-PES-196Pb
   UserId=kendzi23(992748) GroupId=nscl(2002) MCS_label=N/A
   Priority=56863 Nice=0 Account=general QOS=kendzi23
   JobState=RUNNING Reason=None Dependency=(null)
   Requeue=1 Restarts=0 BatchFlag=1 Reboot=0 ExitCode=0:0
   RunTime=05:36:02 TimeLimit=16:00:00 TimeMin=N/A
   SubmitTime=2019-11-08T10:39:57 EligibleTime=2019-11-08T10:39:57
   AccrueTime=2019-11-08T10:39:57
   StartTime=2019-11-08T10:42:09 EndTime=2019-11-09T02:42:09 Deadline=N/A
   SuspendTime=None SecsPreSuspend=0 LastSchedEval=2019-11-08T10:42:09
   Partition=general-long AllocNode:Sid=dev-intel16.i:14421
   ReqNodeList=(null) ExcNodeList=(null)
   NodeList=lac-040
   BatchHost=lac-040
   NumNodes=1 NumCPUs=16 NumTasks=1 CPUs/Task=16 ReqB:S:C:T=0:0:*:*
   TRES=cpu=16,mem=16G,node=1,billing=2490
   Socks/Node=* NtasksPerN:B:S:C=0:0:*:* CoreSpec=*
   MinCPUsNode=16 MinMemoryCPU=1G MinTmpDiskNode=0
   Features=[intel14|intel16|intel18] DelayBoot=00:00:00
   OverSubscribe=OK Contiguous=0 Licenses=(null) Network=(null)
   Command=/mnt/home/kendzi23/FissionHFBTHO/running/Pb196-100to150comp4using3/submitIntel.sh
   WorkDir=/mnt/home/kendzi23/FissionHFBTHO/running/Pb196-100to150comp4using3
   Comment=stdout=/mnt/home/kendzi23/FissionHFBTHO/running/Pb196-100to150comp4using3/slurm-49135143.out 
   StdErr=/mnt/home/kendzi23/FissionHFBTHO/running/Pb196-100to150comp4using3/slurm-49135143.out
   StdIn=/dev/null
   StdOut=/mnt/home/kendzi23/FissionHFBTHO/running/Pb196-100to150comp4using3/slurm-49135143.out
   Power=

