/mnt/home/kendzi23/FissionHFBTHO/setq3to5/Pb196-newpoints305to350
Fri Feb  7 14:15:11 EST 2020
Fri Feb  7 14:15:13 EST 2020
JobId=54678131 JobName=hfbtho-PES-196Pb
   UserId=kendzi23(992748) GroupId=nscl(2002) MCS_label=N/A
   Priority=75692 Nice=0 Account=general QOS=kendzi23
   JobState=RUNNING Reason=None Dependency=(null)
   Requeue=1 Restarts=0 BatchFlag=1 Reboot=0 ExitCode=0:0
   RunTime=00:00:10 TimeLimit=16:00:00 TimeMin=N/A
   SubmitTime=2020-02-07T14:15:01 EligibleTime=2020-02-07T14:15:01
   AccrueTime=2020-02-07T14:15:01
   StartTime=2020-02-07T14:15:03 EndTime=2020-02-08T06:15:03 Deadline=N/A
   SuspendTime=None SecsPreSuspend=0 LastSchedEval=2020-02-07T14:15:03
   Partition=general-long AllocNode:Sid=dev-intel14.i:47124
   ReqNodeList=(null) ExcNodeList=(null)
   NodeList=lac-[038-039,209,336,363-364,383,390,392,394]
   BatchHost=lac-038
   NumNodes=10 NumCPUs=160 NumTasks=10 CPUs/Task=16 ReqB:S:C:T=0:0:*:*
   TRES=cpu=160,mem=160G,node=10,billing=24903
   Socks/Node=* NtasksPerN:B:S:C=0:0:*:* CoreSpec=*
   MinCPUsNode=16 MinMemoryCPU=1G MinTmpDiskNode=0
   Features=[intel14|intel16|intel18] DelayBoot=00:00:00
   OverSubscribe=OK Contiguous=0 Licenses=(null) Network=(null)
   Command=/mnt/ufs18/home-173/kendzi23/FissionHFBTHO/setq3to5/Pb196-newpoints305to350/submitIntel.sh
   WorkDir=/mnt/ufs18/home-173/kendzi23/FissionHFBTHO/setq3to5/Pb196-newpoints305to350
   Comment=stdout=/mnt/ufs18/home-173/kendzi23/FissionHFBTHO/setq3to5/Pb196-newpoints305to350/slurm-54678130.out 
   StdErr=/mnt/ufs18/home-173/kendzi23/FissionHFBTHO/setq3to5/Pb196-newpoints305to350/slurm-54678131.out
   StdIn=/dev/null
   StdOut=/mnt/ufs18/home-173/kendzi23/FissionHFBTHO/setq3to5/Pb196-newpoints305to350/slurm-54678131.out
   Power=

