/mnt/home/kendzi23/FissionHFBTHO/running/Pb196-100to150furthercomp4using3
Wed Nov 13 10:52:11 EST 2019
Wed Nov 13 14:56:23 EST 2019
JobId=49444918 JobName=hfbtho-PES-196Pb
   UserId=kendzi23(992748) GroupId=nscl(2002) MCS_label=N/A
   Priority=47803 Nice=0 Account=general QOS=kendzi23
   JobState=RUNNING Reason=None Dependency=(null)
   Requeue=1 Restarts=0 BatchFlag=1 Reboot=0 ExitCode=0:0
   RunTime=04:04:18 TimeLimit=16:00:00 TimeMin=N/A
   SubmitTime=2019-11-13T10:51:59 EligibleTime=2019-11-13T10:51:59
   AccrueTime=2019-11-13T10:51:59
   StartTime=2019-11-13T10:52:05 EndTime=2019-11-14T02:52:05 Deadline=N/A
   SuspendTime=None SecsPreSuspend=0 LastSchedEval=2019-11-13T10:52:05
   Partition=general-long AllocNode:Sid=dev-intel14.i:99272
   ReqNodeList=(null) ExcNodeList=(null)
   NodeList=lac-398
   BatchHost=lac-398
   NumNodes=1 NumCPUs=16 NumTasks=1 CPUs/Task=16 ReqB:S:C:T=0:0:*:*
   TRES=cpu=16,mem=16G,node=1,billing=2490
   Socks/Node=* NtasksPerN:B:S:C=0:0:*:* CoreSpec=*
   MinCPUsNode=16 MinMemoryCPU=1G MinTmpDiskNode=0
   Features=[intel14|intel16|intel18] DelayBoot=00:00:00
   OverSubscribe=OK Contiguous=0 Licenses=(null) Network=(null)
   Command=/mnt/home/kendzi23/FissionHFBTHO/running/Pb196-100to150furthercomp4using3/submitIntel.sh
   WorkDir=/mnt/home/kendzi23/FissionHFBTHO/running/Pb196-100to150furthercomp4using3
   Comment=stdout=/mnt/home/kendzi23/FissionHFBTHO/running/Pb196-100to150furthercomp4using3/slurm-49444918.out 
   StdErr=/mnt/home/kendzi23/FissionHFBTHO/running/Pb196-100to150furthercomp4using3/slurm-49444918.out
   StdIn=/dev/null
   StdOut=/mnt/home/kendzi23/FissionHFBTHO/running/Pb196-100to150furthercomp4using3/slurm-49444918.out
   Power=

