/mnt/home/kendzi23/FissionHFBTHO/running/Pb196-retry305to350
Fri Jan 31 14:18:38 EST 2020
Fri Jan 31 19:49:49 EST 2020
JobId=54327092 JobName=hfbtho-PES-196Pb
   UserId=kendzi23(992748) GroupId=nscl(2002) MCS_label=N/A
   Priority=39178 Nice=0 Account=general QOS=kendzi23
   JobState=RUNNING Reason=None Dependency=(null)
   Requeue=1 Restarts=0 BatchFlag=1 Reboot=0 ExitCode=0:0
   RunTime=05:31:16 TimeLimit=16:00:00 TimeMin=N/A
   SubmitTime=2020-01-31T14:17:36 EligibleTime=2020-01-31T14:17:36
   AccrueTime=2020-01-31T14:17:36
   StartTime=2020-01-31T14:18:33 EndTime=2020-02-01T06:18:33 Deadline=N/A
   SuspendTime=None SecsPreSuspend=0 LastSchedEval=2020-01-31T14:18:33
   Partition=general-long AllocNode:Sid=dev-intel16.i:29998
   ReqNodeList=(null) ExcNodeList=(null)
   NodeList=skl-[075-080,094-096]
   BatchHost=skl-075
   NumNodes=9 NumCPUs=160 NumTasks=10 CPUs/Task=16 ReqB:S:C:T=0:0:*:*
   TRES=cpu=160,mem=160G,node=9,billing=24903
   Socks/Node=* NtasksPerN:B:S:C=0:0:*:* CoreSpec=*
   MinCPUsNode=16 MinMemoryCPU=1G MinTmpDiskNode=0
   Features=[intel14|intel16|intel18] DelayBoot=00:00:00
   OverSubscribe=OK Contiguous=0 Licenses=(null) Network=(null)
   Command=/mnt/ufs18/home-173/kendzi23/FissionHFBTHO/running/Pb196-retry305to350/submitIntel.sh
   WorkDir=/mnt/ufs18/home-173/kendzi23/FissionHFBTHO/running/Pb196-retry305to350
   Comment=stdout=/mnt/ufs18/home-173/kendzi23/FissionHFBTHO/running/Pb196-retry305to350/slurm-54327092.out 
   StdErr=/mnt/ufs18/home-173/kendzi23/FissionHFBTHO/running/Pb196-retry305to350/slurm-54327092.out
   StdIn=/dev/null
   StdOut=/mnt/ufs18/home-173/kendzi23/FissionHFBTHO/running/Pb196-retry305to350/slurm-54327092.out
   Power=

