/mnt/home/kendzi23/FissionHFBTHO/setq3to25/Pb196-newpoints0to50
Mon Feb 17 16:32:25 EST 2020
Mon Feb 17 23:40:49 EST 2020
JobId=55088116 JobName=hfbtho-PES-196Pb
   UserId=kendzi23(992748) GroupId=nscl(2002) MCS_label=N/A
   Priority=54446 Nice=0 Account=general QOS=kendzi23
   JobState=RUNNING Reason=None Dependency=(null)
   Requeue=1 Restarts=0 BatchFlag=1 Reboot=0 ExitCode=0:0
   RunTime=07:08:39 TimeLimit=16:00:00 TimeMin=N/A
   SubmitTime=2020-02-17T16:24:04 EligibleTime=2020-02-17T16:24:04
   AccrueTime=2020-02-17T16:24:04
   StartTime=2020-02-17T16:32:10 EndTime=2020-02-18T08:32:10 Deadline=N/A
   SuspendTime=None SecsPreSuspend=0 LastSchedEval=2020-02-17T16:32:10
   Partition=general-long AllocNode:Sid=dev-intel16.i:12395
   ReqNodeList=(null) ExcNodeList=(null)
   NodeList=skl-[037-038,073-079]
   BatchHost=skl-037
   NumNodes=9 NumCPUs=176 NumTasks=11 CPUs/Task=16 ReqB:S:C:T=0:0:*:*
   TRES=cpu=176,mem=176G,node=9,billing=27394
   Socks/Node=* NtasksPerN:B:S:C=0:0:*:* CoreSpec=*
   MinCPUsNode=16 MinMemoryCPU=1G MinTmpDiskNode=0
   Features=[intel14|intel16|intel18] DelayBoot=00:00:00
   OverSubscribe=OK Contiguous=0 Licenses=(null) Network=(null)
   Command=/mnt/ufs18/home-173/kendzi23/FissionHFBTHO/setq3to25/Pb196-newpoints0to50/submitIntel.sh
   WorkDir=/mnt/ufs18/home-173/kendzi23/FissionHFBTHO/setq3to25/Pb196-newpoints0to50
   Comment=stdout=/mnt/ufs18/home-173/kendzi23/FissionHFBTHO/setq3to25/Pb196-newpoints0to50/slurm-55088116.out 
   StdErr=/mnt/ufs18/home-173/kendzi23/FissionHFBTHO/setq3to25/Pb196-newpoints0to50/slurm-55088116.out
   StdIn=/dev/null
   StdOut=/mnt/ufs18/home-173/kendzi23/FissionHFBTHO/setq3to25/Pb196-newpoints0to50/slurm-55088116.out
   Power=

